Database snapshot for jdbc:oracle:thin:@tsvi.datical.net:1521/BUCKET_02
-----------------------------------------------------------------
Database type: Oracle
Database version: Oracle Database 19c Enterprise Edition Release 19.0.0.0.0 - Production
Version 19.3.0.0.0
Database user: JN_DEV
Included types:
    com.datical.liquibase.ext.appdba.synonym.Synonym
    com.datical.liquibase.ext.storedlogic.checkconstraint.CheckConstraint
    com.datical.liquibase.ext.storedlogic.databasepackage.DatabasePackage
    com.datical.liquibase.ext.storedlogic.databasepackage.DatabasePackageBody
    com.datical.liquibase.ext.storedlogic.function.Function
    com.datical.liquibase.ext.storedlogic.trigger.Trigger
    liquibase.structure.core.Catalog
    liquibase.structure.core.Column
    liquibase.structure.core.ForeignKey
    liquibase.structure.core.Index
    liquibase.structure.core.PrimaryKey
    liquibase.structure.core.Schema
    liquibase.structure.core.Sequence
    liquibase.structure.core.StoredProcedure
    liquibase.structure.core.Table
    liquibase.structure.core.UniqueConstraint
    liquibase.structure.core.View

Catalog: JN_DEV
    com.datical.liquibase.ext.storedlogic.function.Function:
        DEPT_SALARY
            body: CREATE OR REPLACE FUNCTION dept_salary (dnum NUMBER) RETURN NUMBER IS
               CURSOR emp_cursor IS
               select salary, commission_pct from EMPLOYEES3 where department_id = dnum;
               total_wages NUMBER(11, 2) := 0;
               counter NUMBER(10) := 1;
            BEGIN
               FOR emp_record IN emp_cursor LOOP
                   emp_record.commission_pct := NVL(emp_record.commission_pct, 0);
                   total_wages := total_wages + emp_record.salary
                               + emp_record.commission_pct;
                   DBMS_OUTPUT.PUT_LINE('Loop number = ' || counter ||
                      '; Wages = '|| TO_CHAR(total_wages));
                   counter := counter + 1;
               END LOOP;
            
               DBMS_OUTPUT.PUT_LINE('Total wages = ' ||
               TO_CHAR(total_wages));
               RETURN total_wages;
            END;
            valid: true
        
    com.datical.liquibase.ext.storedlogic.trigger.Trigger:
        T2
            actionType: PL/SQL     
            baseObjectType: TABLE
            body: CREATE OR REPLACE TRIGGER t2
             BEFORE
               INSERT OR
               UPDATE OF salary, department_id OR
               DELETE
             ON EMPLOYEES
            BEGIN
             CASE
               WHEN INSERTING THEN
                 DBMS_OUTPUT.PUT_LINE('Inserting');
               WHEN UPDATING('salary') THEN
                 DBMS_OUTPUT.PUT_LINE('Updating salary');
               WHEN UPDATING('department_id') THEN
                 DBMS_OUTPUT.PUT_LINE('Updating department ID');
               WHEN DELETING THEN
                 DBMS_OUTPUT.PUT_LINE('Deleting');
             END CASE;
            END;
            disabled: false
            referencingNames: REFERENCING NEW AS NEW OLD AS OLD
            tableName: EMPLOYEES
            triggerType: BEFORE STATEMENT
            triggeringEvent: INSERT OR UPDATE OR DELETE
            valid: true
        
    liquibase.structure.core.Index:
        CATEGORIES_PK
            columns: 
                CATEGORY_ID
            table: CATEGORIES
            unique: true
        PK_DATABASECHANGELOGLOCK
            columns: 
                ID
            table: DATABASECHANGELOGLOCK
            unique: true
        EMP_EMP_ID_PK
            columns: 
                EMPLOYEE_ID
            table: EMPLOYEES
            unique: true
        EMP_EMP_ID_PK3
            columns: 
                EMPLOYEE_ID
            table: EMPLOYEES3
            unique: true
        SYS_C0012293
            columns: 
                PERSON_ID
            table: PERSONS22
            unique: true
        JOB_ID_PK200
            columns: 
                JOB_ID
            table: TABLE200
            unique: true
        WELL_NAME_PK
            columns: 
                WELL_NAME
            table: WELL
            unique: true
        
    liquibase.structure.core.PrimaryKey:
        CATEGORIES_PK
            backingIndex: CATEGORIES_PK
            columns: 
                CATEGORY_ID
            table: CATEGORIES
            validate: true
        PK_DATABASECHANGELOGLOCK
            backingIndex: PK_DATABASECHANGELOGLOCK
            columns: 
                ID
            table: DATABASECHANGELOGLOCK
            validate: true
        EMP_EMP_ID_PK
            backingIndex: EMP_EMP_ID_PK
            columns: 
                EMPLOYEE_ID
            table: EMPLOYEES
            validate: true
        EMP_EMP_ID_PK3
            backingIndex: EMP_EMP_ID_PK3
            columns: 
                EMPLOYEE_ID
            table: EMPLOYEES3
            validate: true
        SYS_C0012293
            backingIndex: SYS_C0012293
            columns: 
                PERSON_ID
            table: PERSONS22
            validate: true
        JOB_ID_PK200
            backingIndex: JOB_ID_PK200
            columns: 
                JOB_ID
            table: TABLE200
            validate: true
        WELL_NAME_PK
            backingIndex: WELL_NAME_PK
            columns: 
                WELL_NAME
            table: WELL
            validate: true
        
    liquibase.structure.core.Sequence:
        MY_TEST_ID_SEQ
            maxValue: 9999999999999999999999999999
            startValue: 2
        
    liquibase.structure.core.StoredProcedure:
        ADD_JOB_HISTORY112
            body: CREATE OR REPLACE PROCEDURE add_job_history112
             (  p_emp_id          job_history.employee_id%type
              , p_start_date      job_history.start_date%type
              , p_end_date        job_history.end_date%type
              , p_job_id          job_history.job_id%type
              , p_department_id   job_history.department_id%type
              )
            IS
            BEGIN
             INSERT INTO job_history (employee_id, start_date, end_date,
                                      job_id, department_id)
               VALUES(p_emp_id, p_start_date, p_end_date, p_job_id, p_department_id);
            END;
            valid: false
        
    liquibase.structure.core.Table:
        CATEGORIES
            columns: 
                CATEGORY_ID
                    nullable: false
                    order: 1
                    type: NUMBER(*, 0)
                CATEGORY_NAME
                    nullable: false
                    order: 2
                    type: CHAR(50 BYTE)
            default_tablespace: true
            indexes: 
                CATEGORIES_PK
                    columns: 
                        CATEGORY_ID
                    unique: true
            primaryKey: CATEGORIES_PK
                backingIndex: CATEGORIES_PK
                columns: 
                    CATEGORY_ID
                validate: true
            tablespace: USERS
        DATABASECHANGELOG
            columns: 
                AUTHOR
                    nullable: false
                    order: 2
                    type: VARCHAR(255 BYTE)
                COMMENTS
                    nullable: true
                    order: 9
                    type: VARCHAR(255 BYTE)
                CONTEXTS
                    nullable: true
                    order: 12
                    type: VARCHAR(255 BYTE)
                DATEEXECUTED
                    nullable: false
                    order: 4
                    type: TIMESTAMP(6)(11)
                DEPLOYMENT_ID
                    nullable: true
                    order: 14
                    type: VARCHAR(10 BYTE)
                DESCRIPTION
                    nullable: true
                    order: 8
                    type: VARCHAR(255 BYTE)
                EXECTYPE
                    nullable: false
                    order: 6
                    type: VARCHAR(10 BYTE)
                FILENAME
                    nullable: false
                    order: 3
                    type: VARCHAR(255 BYTE)
                ID
                    nullable: false
                    order: 1
                    type: VARCHAR(255 BYTE)
                LABELS
                    nullable: true
                    order: 13
                    type: VARCHAR(255 BYTE)
                LIQUIBASE
                    nullable: true
                    order: 11
                    type: VARCHAR(20 BYTE)
                MD5SUM
                    nullable: true
                    order: 7
                    type: VARCHAR(35 BYTE)
                ORDEREXECUTED
                    nullable: false
                    order: 5
                    type: NUMBER(*, 0)
                TAG
                    nullable: true
                    order: 10
                    type: VARCHAR(255 BYTE)
            default_tablespace: true
            tablespace: USERS
        DATABASECHANGELOGLOCK
            columns: 
                ID
                    nullable: false
                    order: 1
                    type: NUMBER(*, 0)
                LOCKED
                    nullable: false
                    order: 2
                    type: NUMBER(1, 0)
                LOCKEDBY
                    nullable: true
                    order: 4
                    type: VARCHAR(255 BYTE)
                LOCKGRANTED
                    nullable: true
                    order: 3
                    type: TIMESTAMP(6)(11)
            default_tablespace: true
            indexes: 
                PK_DATABASECHANGELOGLOCK
                    columns: 
                        ID
                    unique: true
            primaryKey: PK_DATABASECHANGELOGLOCK
                backingIndex: PK_DATABASECHANGELOGLOCK
                columns: 
                    ID
                validate: true
            tablespace: USERS
        EMPLOYEES
            columns: 
                COMMISSION_PCT
                    nullable: true
                    order: 9
                    type: NUMBER(2, 2)
                DEPARTMENT_ID
                    nullable: true
                    order: 11
                    type: NUMBER(4, 0)
                EMAIL
                    notNullConstraintName: EMP_EMAIL_NN
                    nullable: false
                    order: 4
                    type: VARCHAR(25 BYTE)
                EMPLOYEE_ID
                    nullable: false
                    order: 1
                    type: NUMBER(6, 0)
                FIRST_NAME
                    nullable: true
                    order: 2
                    type: VARCHAR(20 BYTE)
                HIRE_DATE
                    notNullConstraintName: EMP_HIRE_DATE_NN
                    nullable: false
                    order: 6
                    type: DATE(7)
                JOB_ID
                    notNullConstraintName: EMP_JOB_NN
                    nullable: false
                    order: 7
                    type: VARCHAR(10 BYTE)
                LAST_NAME
                    notNullConstraintName: EMP_LAST_NAME_NN
                    nullable: false
                    order: 3
                    type: VARCHAR(25 BYTE)
                MANAGER_ID
                    nullable: true
                    order: 10
                    type: NUMBER(6, 0)
                PHONE_NUMBER
                    nullable: true
                    order: 5
                    type: VARCHAR(20 BYTE)
                SALARY
                    nullable: true
                    order: 8
                    type: NUMBER(8, 2)
            default_tablespace: true
            indexes: 
                EMP_EMP_ID_PK
                    columns: 
                        EMPLOYEE_ID
                    unique: true
            primaryKey: EMP_EMP_ID_PK
                backingIndex: EMP_EMP_ID_PK
                columns: 
                    EMPLOYEE_ID
                validate: true
            tablespace: USERS
        EMPLOYEES3
            columns: 
                COMMISSION_PCT
                    nullable: true
                    order: 9
                    type: NUMBER(2, 2)
                DEPARTMENT_ID
                    nullable: true
                    order: 11
                    type: NUMBER(4, 0)
                EMAIL
                    notNullConstraintName: EMP_EMAIL_NN3
                    nullable: false
                    order: 4
                    type: VARCHAR(25 BYTE)
                EMPLOYEE_ID
                    nullable: false
                    order: 1
                    type: NUMBER(6, 0)
                FIRST_NAME
                    nullable: true
                    order: 2
                    type: VARCHAR(20 BYTE)
                HIRE_DATE
                    notNullConstraintName: EMP_HIRE_DATE_NN3
                    nullable: false
                    order: 6
                    type: DATE(7)
                JOB_ID
                    notNullConstraintName: EMP_JOB_NN3
                    nullable: false
                    order: 7
                    type: VARCHAR(10 BYTE)
                LAST_NAME
                    notNullConstraintName: EMP_LAST_NAME_NN3
                    nullable: false
                    order: 3
                    type: VARCHAR(25 BYTE)
                MANAGER_ID
                    nullable: true
                    order: 10
                    type: NUMBER(6, 0)
                PHONE_NUMBER
                    nullable: true
                    order: 5
                    type: VARCHAR(20 BYTE)
                SALARY
                    nullable: true
                    order: 8
                    type: NUMBER(8, 2)
            default_tablespace: true
            indexes: 
                EMP_EMP_ID_PK3
                    columns: 
                        EMPLOYEE_ID
                    unique: true
            primaryKey: EMP_EMP_ID_PK3
                backingIndex: EMP_EMP_ID_PK3
                columns: 
                    EMPLOYEE_ID
                validate: true
            tablespace: USERS
        MY_TEST
            columns: 
                ID
                    nullable: true
                    order: 1
                    type: NUMBER(*, 0)
                NAME
                    nullable: true
                    order: 2
                    type: VARCHAR(10 BYTE)
            default_tablespace: true
            tablespace: USERS
        PERSONS22
            columns: 
                FIRST_NAME
                    nullable: false
                    order: 2
                    type: VARCHAR(50 BYTE)
                LAST_NAME
                    nullable: false
                    order: 3
                    type: VARCHAR(50 BYTE)
                PERSON_ID
                    autoIncrementInformation: GENERATED BY DEFAULT AUTO INCREMENT START WITH 1 INCREMENT BY 1
                    nullable: false
                    order: 1
                    type: NUMBER
            default_tablespace: true
            indexes: 
                SYS_C0012293
                    columns: 
                        PERSON_ID
                    unique: true
            primaryKey: SYS_C0012293
                backingIndex: SYS_C0012293
                columns: 
                    PERSON_ID
                validate: true
            tablespace: USERS
        TABLE200
            columns: 
                JOB_ID
                    nullable: false
                    order: 1
                    type: VARCHAR(10 BYTE)
                MAX_SALARY
                    nullable: true
                    order: 3
                    type: NUMBER(6, 0)
                MIN_SALARY
                    nullable: true
                    order: 2
                    type: NUMBER(6, 0)
            default_tablespace: true
            indexes: 
                JOB_ID_PK200
                    columns: 
                        JOB_ID
                    unique: true
            primaryKey: JOB_ID_PK200
                backingIndex: JOB_ID_PK200
                columns: 
                    JOB_ID
                validate: true
            tablespace: USERS
        WELL
            columns: 
                MAX_SALARY
                    nullable: true
                    order: 3
                    type: NUMBER(6, 0)
                UWI
                    nullable: true
                    order: 2
                    type: NUMBER(6, 0)
                WELL_NAME
                    nullable: false
                    order: 1
                    type: VARCHAR(10 BYTE)
            default_tablespace: true
            indexes: 
                WELL_NAME_PK
                    columns: 
                        WELL_NAME
                    unique: true
            primaryKey: WELL_NAME_PK
                backingIndex: WELL_NAME_PK
                columns: 
                    WELL_NAME
                validate: true
            tablespace: USERS
        
    liquibase.structure.core.View:
        V_TEST4
            columns: 
                UWI
                    nullable: true
                    order: 1
                    type: NUMBER(6, 0)
                WELL_NAME
                    nullable: false
                    order: 2
                    type: VARCHAR(10 BYTE)
            definition: SELECT uwi, well_name
            
              FROM well
            editioning: false
        
    